# JRE version: OpenJDK Runtime Environment (11.0.10) (build 11.0.10+0-b96-7249189)
# Java VM: OpenJDK 64-Bit Server VM (11.0.10+0-b96-7249189, mixed mode, tiered, compressed oops, g1 gc, windows-amd64)
Heap:
 garbage-first heap   total 759808K, used 208483K [0x0000000080000000, 0x0000000100000000)
  region size 1024K, 9 young (9216K), 9 survivors (9216K)
 Metaspace       used 128144K, capacity 131987K, committed 132096K, reserved 1163264K
  class space    used 16489K, capacity 17919K, committed 17920K, reserved 1048576K
GC Heap History (20 events):
Event: 946.148 GC heap after
{Heap after GC invocations=85 (full 0):
 garbage-first heap   total 210944K, used 148032K [0x0000000080000000, 0x0000000100000000)
  region size 1024K, 5 young (5120K), 5 survivors (5120K)
 Metaspace       used 119919K, capacity 123270K, committed 123520K, reserved 1157120K
  class space    used 15252K, capacity 16465K, committed 16512K, reserved 1048576K
}
Event: 946.540 GC heap before
{Heap before GC invocations=86 (full 0):
 garbage-first heap   total 210944K, used 176704K [0x0000000080000000, 0x0000000100000000)
  region size 1024K, 32 young (32768K), 5 survivors (5120K)
 Metaspace       used 120469K, capacity 123798K, committed 124160K, reserved 1157120K
  class space    used 15299K, capacity 16504K, committed 16640K, reserved 1048576K
}
Event: 946.560 GC heap after
{Heap after GC invocations=87 (full 0):
 garbage-first heap   total 317440K, used 153671K [0x0000000080000000, 0x0000000100000000)
  region size 1024K, 4 young (4096K), 4 survivors (4096K)
 Metaspace       used 120469K, capacity 123798K, committed 124160K, reserved 1157120K
  class space    used 15299K, capacity 16504K, committed 16640K, reserved 1048576K
}
Event: 946.630 GC heap before
{Heap before GC invocations=87 (full 0):
 garbage-first heap   total 317440K, used 164935K [0x0000000080000000, 0x0000000100000000)
  region size 1024K, 15 young (15360K), 4 survivors (4096K)
 Metaspace       used 120604K, capacity 123962K, committed 124160K, reserved 1157120K
  class space    used 15320K, capacity 16537K, committed 16640K, reserved 1048576K
}
Event: 946.641 GC heap after
{Heap after GC invocations=88 (full 0):
 garbage-first heap   total 317440K, used 156783K [0x0000000080000000, 0x0000000100000000)
  region size 1024K, 2 young (2048K), 2 survivors (2048K)
 Metaspace       used 120604K, capacity 123962K, committed 124160K, reserved 1157120K
  class space    used 15320K, capacity 16537K, committed 16640K, reserved 1048576K
}
Event: 946.908 GC heap before
{Heap before GC invocations=88 (full 0):
 garbage-first heap   total 317440K, used 219247K [0x0000000080000000, 0x0000000100000000)
  region size 1024K, 63 young (64512K), 2 survivors (2048K)
 Metaspace       used 121751K, capacity 125180K, committed 125312K, reserved 1157120K
  class space    used 15489K, capacity 16755K, committed 16768K, reserved 1048576K
}
Event: 946.926 GC heap after
{Heap after GC invocations=89 (full 0):
 garbage-first heap   total 317440K, used 169426K [0x0000000080000000, 0x0000000100000000)
  region size 1024K, 8 young (8192K), 8 survivors (8192K)
 Metaspace       used 121751K, capacity 125180K, committed 125312K, reserved 1157120K
  class space    used 15489K, capacity 16755K, committed 16768K, reserved 1048576K
}
Event: 947.041 GC heap before
{Heap before GC invocations=89 (full 0):
 garbage-first heap   total 317440K, used 228818K [0x0000000080000000, 0x0000000100000000)
  region size 1024K, 67 young (68608K), 8 survivors (8192K)
 Metaspace       used 122587K, capacity 126070K, committed 126336K, reserved 1159168K
  class space    used 15638K, capacity 16909K, committed 17024K, reserved 1048576K
}
Event: 947.062 GC heap after
{Heap after GC invocations=90 (full 0):
 garbage-first heap   total 317440K, used 180577K [0x0000000080000000, 0x0000000100000000)
  region size 1024K, 9 young (9216K), 9 survivors (9216K)
 Metaspace       used 122587K, capacity 126070K, committed 126336K, reserved 1159168K
  class space    used 15638K, capacity 16909K, committed 17024K, reserved 1048576K
}
Event: 947.191 GC heap before
{Heap before GC invocations=90 (full 0):
 garbage-first heap   total 317440K, used 238945K [0x0000000080000000, 0x0000000100000000)
  region size 1024K, 66 young (67584K), 9 survivors (9216K)
 Metaspace       used 123669K, capacity 127290K, committed 127488K, reserved 1159168K
  class space    used 15847K, capacity 17152K, committed 17152K, reserved 1048576K
}
Event: 947.273 GC heap after
{Heap after GC invocations=91 (full 0):
 garbage-first heap   total 424960K, used 191483K [0x0000000080000000, 0x0000000100000000)
  region size 1024K, 9 young (9216K), 9 survivors (9216K)
 Metaspace       used 123669K, capacity 127290K, committed 127488K, reserved 1159168K
  class space    used 15847K, capacity 17152K, committed 17152K, reserved 1048576K
}
Event: 948.180 GC heap before
{Heap before GC invocations=91 (full 0):
 garbage-first heap   total 424960K, used 279547K [0x0000000080000000, 0x0000000100000000)
  region size 1024K, 95 young (97280K), 9 survivors (9216K)
 Metaspace       used 126024K, capacity 129712K, committed 129792K, reserved 1161216K
  class space    used 16230K, capacity 17589K, committed 17664K, reserved 1048576K
}
Event: 948.210 GC heap after
{Heap after GC invocations=92 (full 0):
 garbage-first heap   total 424960K, used 199754K [0x0000000080000000, 0x0000000100000000)
  region size 1024K, 8 young (8192K), 8 survivors (8192K)
 Metaspace       used 126024K, capacity 129712K, committed 129792K, reserved 1161216K
  class space    used 16230K, capacity 17589K, committed 17664K, reserved 1048576K
}
Event: 948.976 GC heap before
{Heap before GC invocations=92 (full 0):
 garbage-first heap   total 424960K, used 297034K [0x0000000080000000, 0x0000000100000000)
  region size 1024K, 103 young (105472K), 8 survivors (8192K)
 Metaspace       used 126806K, capacity 130505K, committed 130688K, reserved 1163264K
  class space    used 16305K, capacity 17678K, committed 17792K, reserved 1048576K
}
Event: 949.004 GC heap after
{Heap after GC invocations=93 (full 0):
 garbage-first heap   total 424960K, used 205584K [0x0000000080000000, 0x0000000100000000)
  region size 1024K, 6 young (6144K), 6 survivors (6144K)
 Metaspace       used 126806K, capacity 130505K, committed 130688K, reserved 1163264K
  class space    used 16305K, capacity 17678K, committed 17792K, reserved 1048576K
}
Event: 949.467 GC heap before
{Heap before GC invocations=93 (full 0):
 garbage-first heap   total 424960K, used 319248K [0x0000000080000000, 0x0000000100000000)
  region size 1024K, 117 young (119808K), 6 survivors (6144K)
 Metaspace       used 127753K, capacity 131565K, committed 131840K, reserved 1163264K
  class space    used 16445K, capacity 17843K, committed 17920K, reserved 1048576K
}
Event: 949.478 GC heap after
{Heap after GC invocations=94 (full 0):
 garbage-first heap   total 424960K, used 206803K [0x0000000080000000, 0x0000000100000000)
  region size 1024K, 7 young (7168K), 7 survivors (7168K)
 Metaspace       used 127753K, capacity 131565K, committed 131840K, reserved 1163264K
  class space    used 16445K, capacity 17843K, committed 17920K, reserved 1048576K
}
Event: 949.844 GC heap before
{Heap before GC invocations=94 (full 0):
 garbage-first heap   total 424960K, used 329683K [0x0000000080000000, 0x0000000100000000)
  region size 1024K, 128 young (131072K), 7 survivors (7168K)
 Metaspace       used 127971K, capacity 131785K, committed 131840K, reserved 1163264K
  class space    used 16476K, capacity 17874K, committed 17920K, reserved 1048576K
}
Event: 949.858 GC heap after
{Heap after GC invocations=95 (full 0):
 garbage-first heap   total 424960K, used 208176K [0x0000000080000000, 0x0000000100000000)
  region size 1024K, 9 young (9216K), 9 survivors (9216K)
 Metaspace       used 127971K, capacity 131785K, committed 131840K, reserved 1163264K
  class space    used 16476K, capacity 17874K, committed 17920K, reserved 1048576K
}
Event: 950.170 GC heap before
{Heap before GC invocations=95 (full 0):
 garbage-first heap   total 424960K, used 337200K [0x0000000080000000, 0x0000000100000000)
  region size 1024K, 135 young (138240K), 9 survivors (9216K)
 Metaspace       used 128144K, capacity 131987K, committed 132096K, reserved 1163264K
  class space    used 16489K, capacity 17919K, committed 17920K, reserved 1048576K
}

