# JRE version: OpenJDK Runtime Environment (11.0.10) (build 11.0.10+0-b96-7249189)
# Java VM: OpenJDK 64-Bit Server VM (11.0.10+0-b96-7249189, mixed mode, tiered, compressed oops, g1 gc, windows-amd64)
Heap:
 garbage-first heap   total 175104K, used 124160K [0x0000000080000000, 0x0000000100000000)
  region size 1024K, 36 young (36864K), 4 survivors (4096K)
 Metaspace       used 92061K, capacity 94382K, committed 94464K, reserved 1130496K
  class space    used 11909K, capacity 12721K, committed 12800K, reserved 1048576K
GC Heap History (20 events):
Event: 8.133 GC heap before
{Heap before GC invocations=21 (full 0):
 garbage-first heap   total 145408K, used 103197K [0x0000000080000000, 0x0000000100000000)
  region size 1024K, 33 young (33792K), 2 survivors (2048K)
 Metaspace       used 60824K, capacity 62599K, committed 62720K, reserved 1103872K
  class space    used 7811K, capacity 8398K, committed 8448K, reserved 1048576K
}
Event: 8.136 GC heap after
{Heap after GC invocations=22 (full 0):
 garbage-first heap   total 145408K, used 72536K [0x0000000080000000, 0x0000000100000000)
  region size 1024K, 4 young (4096K), 4 survivors (4096K)
 Metaspace       used 60824K, capacity 62599K, committed 62720K, reserved 1103872K
  class space    used 7811K, capacity 8398K, committed 8448K, reserved 1048576K
}
Event: 8.662 GC heap before
{Heap before GC invocations=23 (full 0):
 garbage-first heap   total 145408K, used 104280K [0x0000000080000000, 0x0000000100000000)
  region size 1024K, 36 young (36864K), 4 survivors (4096K)
 Metaspace       used 65568K, capacity 67469K, committed 67712K, reserved 1107968K
  class space    used 8418K, capacity 9060K, committed 9088K, reserved 1048576K
}
Event: 8.668 GC heap after
{Heap after GC invocations=24 (full 0):
 garbage-first heap   total 145408K, used 75947K [0x0000000080000000, 0x0000000100000000)
  region size 1024K, 5 young (5120K), 5 survivors (5120K)
 Metaspace       used 65568K, capacity 67469K, committed 67712K, reserved 1107968K
  class space    used 8418K, capacity 9060K, committed 9088K, reserved 1048576K
}
Event: 9.143 GC heap before
{Heap before GC invocations=24 (full 0):
 garbage-first heap   total 145408K, used 107691K [0x0000000080000000, 0x0000000100000000)
  region size 1024K, 37 young (37888K), 5 survivors (5120K)
 Metaspace       used 68496K, capacity 70292K, committed 70400K, reserved 1110016K
  class space    used 8795K, capacity 9396K, committed 9472K, reserved 1048576K
}
Event: 9.152 GC heap after
{Heap after GC invocations=25 (full 0):
 garbage-first heap   total 145408K, used 77609K [0x0000000080000000, 0x0000000100000000)
  region size 1024K, 3 young (3072K), 3 survivors (3072K)
 Metaspace       used 68496K, capacity 70292K, committed 70400K, reserved 1110016K
  class space    used 8795K, capacity 9396K, committed 9472K, reserved 1048576K
}
Event: 9.728 GC heap before
{Heap before GC invocations=26 (full 0):
 garbage-first heap   total 145408K, used 111401K [0x0000000080000000, 0x0000000100000000)
  region size 1024K, 35 young (35840K), 3 survivors (3072K)
 Metaspace       used 69807K, capacity 71822K, committed 71936K, reserved 1112064K
  class space    used 8973K, capacity 9643K, committed 9728K, reserved 1048576K
}
Event: 9.732 GC heap after
{Heap after GC invocations=27 (full 0):
 garbage-first heap   total 145408K, used 80149K [0x0000000080000000, 0x0000000100000000)
  region size 1024K, 5 young (5120K), 5 survivors (5120K)
 Metaspace       used 69807K, capacity 71822K, committed 71936K, reserved 1112064K
  class space    used 8973K, capacity 9643K, committed 9728K, reserved 1048576K
}
Event: 10.367 GC heap before
{Heap before GC invocations=27 (full 0):
 garbage-first heap   total 145408K, used 112917K [0x0000000080000000, 0x0000000100000000)
  region size 1024K, 37 young (37888K), 5 survivors (5120K)
 Metaspace       used 73902K, capacity 75901K, committed 76160K, reserved 1116160K
  class space    used 9633K, capacity 10298K, committed 10368K, reserved 1048576K
}
Event: 10.372 GC heap after
{Heap after GC invocations=28 (full 0):
 garbage-first heap   total 145408K, used 82352K [0x0000000080000000, 0x0000000100000000)
  region size 1024K, 5 young (5120K), 5 survivors (5120K)
 Metaspace       used 73902K, capacity 75901K, committed 76160K, reserved 1116160K
  class space    used 9633K, capacity 10298K, committed 10368K, reserved 1048576K
}
Event: 10.840 GC heap before
{Heap before GC invocations=29 (full 0):
 garbage-first heap   total 145408K, used 115120K [0x0000000080000000, 0x0000000100000000)
  region size 1024K, 37 young (37888K), 5 survivors (5120K)
 Metaspace       used 76363K, capacity 78308K, committed 78592K, reserved 1118208K
  class space    used 9982K, capacity 10670K, committed 10752K, reserved 1048576K
}
Event: 10.846 GC heap after
{Heap after GC invocations=30 (full 0):
 garbage-first heap   total 145408K, used 83952K [0x0000000080000000, 0x0000000100000000)
  region size 1024K, 4 young (4096K), 4 survivors (4096K)
 Metaspace       used 76363K, capacity 78308K, committed 78592K, reserved 1118208K
  class space    used 9982K, capacity 10670K, committed 10752K, reserved 1048576K
}
Event: 11.517 GC heap before
{Heap before GC invocations=30 (full 0):
 garbage-first heap   total 145408K, used 116720K [0x0000000080000000, 0x0000000100000000)
  region size 1024K, 36 young (36864K), 4 survivors (4096K)
 Metaspace       used 79020K, capacity 81208K, committed 81536K, reserved 1120256K
  class space    used 10327K, capacity 11054K, committed 11136K, reserved 1048576K
}
Event: 11.524 GC heap after
{Heap after GC invocations=31 (full 0):
 garbage-first heap   total 175104K, used 85946K [0x0000000080000000, 0x0000000100000000)
  region size 1024K, 4 young (4096K), 4 survivors (4096K)
 Metaspace       used 79020K, capacity 81208K, committed 81536K, reserved 1120256K
  class space    used 10327K, capacity 11054K, committed 11136K, reserved 1048576K
}
Event: 11.978 GC heap before
{Heap before GC invocations=32 (full 0):
 garbage-first heap   total 175104K, used 132026K [0x0000000080000000, 0x0000000100000000)
  region size 1024K, 49 young (50176K), 4 survivors (4096K)
 Metaspace       used 81109K, capacity 83327K, committed 83584K, reserved 1122304K
  class space    used 10613K, capacity 11350K, committed 11392K, reserved 1048576K
}
Event: 11.985 GC heap after
{Heap after GC invocations=33 (full 0):
 garbage-first heap   total 175104K, used 89052K [0x0000000080000000, 0x0000000100000000)
  region size 1024K, 7 young (7168K), 7 survivors (7168K)
 Metaspace       used 81109K, capacity 83327K, committed 83584K, reserved 1122304K
  class space    used 10613K, capacity 11350K, committed 11392K, reserved 1048576K
}
Event: 12.325 GC heap before
{Heap before GC invocations=33 (full 0):
 garbage-first heap   total 175104K, used 107484K [0x0000000080000000, 0x0000000100000000)
  region size 1024K, 26 young (26624K), 7 survivors (7168K)
 Metaspace       used 83253K, capacity 85419K, committed 85632K, reserved 1124352K
  class space    used 10869K, capacity 11578K, committed 11648K, reserved 1048576K
}
Event: 12.331 GC heap after
{Heap after GC invocations=34 (full 0):
 garbage-first heap   total 175104K, used 91210K [0x0000000080000000, 0x0000000100000000)
  region size 1024K, 6 young (6144K), 6 survivors (6144K)
 Metaspace       used 83253K, capacity 85419K, committed 85632K, reserved 1124352K
  class space    used 10869K, capacity 11578K, committed 11648K, reserved 1048576K
}
Event: 12.984 GC heap before
{Heap before GC invocations=35 (full 0):
 garbage-first heap   total 175104K, used 136266K [0x0000000080000000, 0x0000000100000000)
  region size 1024K, 49 young (50176K), 6 survivors (6144K)
 Metaspace       used 89692K, capacity 91809K, committed 92032K, reserved 1128448K
  class space    used 11633K, capacity 12393K, committed 12416K, reserved 1048576K
}
Event: 12.991 GC heap after
{Heap after GC invocations=36 (full 0):
 garbage-first heap   total 175104K, used 92416K [0x0000000080000000, 0x0000000100000000)
  region size 1024K, 4 young (4096K), 4 survivors (4096K)
 Metaspace       used 89692K, capacity 91809K, committed 92032K, reserved 1128448K
  class space    used 11633K, capacity 12393K, committed 12416K, reserved 1048576K
}

