# JRE version: OpenJDK Runtime Environment (11.0.10) (build 11.0.10+0-b96-7249189)
# Java VM: OpenJDK 64-Bit Server VM (11.0.10+0-b96-7249189, mixed mode, tiered, compressed oops, g1 gc, windows-amd64)
Heap:
 garbage-first heap   total 175104K, used 132119K [0x0000000080000000, 0x0000000100000000)
  region size 1024K, 47 young (48128K), 7 survivors (7168K)
 Metaspace       used 88785K, capacity 91512K, committed 91648K, reserved 1128448K
  class space    used 11487K, capacity 12461K, committed 12544K, reserved 1048576K
GC Heap History (20 events):
Event: 7.578 GC heap before
{Heap before GC invocations=17 (full 0):
 garbage-first heap   total 145408K, used 109417K [0x0000000080000000, 0x0000000100000000)
  region size 1024K, 44 young (45056K), 4 survivors (4096K)
 Metaspace       used 63632K, capacity 65362K, committed 65536K, reserved 1105920K
  class space    used 8082K, capacity 8670K, committed 8704K, reserved 1048576K
}
Event: 7.583 GC heap after
{Heap after GC invocations=18 (full 0):
 garbage-first heap   total 145408K, used 73505K [0x0000000080000000, 0x0000000100000000)
  region size 1024K, 6 young (6144K), 6 survivors (6144K)
 Metaspace       used 63632K, capacity 65362K, committed 65536K, reserved 1105920K
  class space    used 8082K, capacity 8670K, committed 8704K, reserved 1048576K
}
Event: 7.615 GC heap before
{Heap before GC invocations=18 (full 0):
 garbage-first heap   total 145408K, used 76577K [0x0000000080000000, 0x0000000100000000)
  region size 1024K, 10 young (10240K), 6 survivors (6144K)
 Metaspace       used 63971K, capacity 65688K, committed 65920K, reserved 1105920K
  class space    used 8134K, capacity 8736K, committed 8832K, reserved 1048576K
}
Event: 7.619 GC heap after
{Heap after GC invocations=19 (full 0):
 garbage-first heap   total 145408K, used 74383K [0x0000000080000000, 0x0000000100000000)
  region size 1024K, 2 young (2048K), 2 survivors (2048K)
 Metaspace       used 63971K, capacity 65688K, committed 65920K, reserved 1105920K
  class space    used 8134K, capacity 8736K, committed 8832K, reserved 1048576K
}
Event: 7.910 GC heap before
{Heap before GC invocations=20 (full 0):
 garbage-first heap   total 145408K, used 113295K [0x0000000080000000, 0x0000000100000000)
  region size 1024K, 39 young (39936K), 2 survivors (2048K)
 Metaspace       used 65859K, capacity 67668K, committed 67968K, reserved 1107968K
  class space    used 8396K, capacity 9007K, committed 9088K, reserved 1048576K
}
Event: 7.914 GC heap after
{Heap after GC invocations=21 (full 0):
 garbage-first heap   total 145408K, used 77180K [0x0000000080000000, 0x0000000100000000)
  region size 1024K, 4 young (4096K), 4 survivors (4096K)
 Metaspace       used 65859K, capacity 67668K, committed 67968K, reserved 1107968K
  class space    used 8396K, capacity 9007K, committed 9088K, reserved 1048576K
}
Event: 8.543 GC heap before
{Heap before GC invocations=21 (full 0):
 garbage-first heap   total 145408K, used 115068K [0x0000000080000000, 0x0000000100000000)
  region size 1024K, 41 young (41984K), 4 survivors (4096K)
 Metaspace       used 70306K, capacity 72124K, committed 72320K, reserved 1112064K
  class space    used 9112K, capacity 9740K, committed 9856K, reserved 1048576K
}
Event: 8.549 GC heap after
{Heap after GC invocations=22 (full 0):
 garbage-first heap   total 145408K, used 79303K [0x0000000080000000, 0x0000000100000000)
  region size 1024K, 3 young (3072K), 3 survivors (3072K)
 Metaspace       used 70306K, capacity 72124K, committed 72320K, reserved 1112064K
  class space    used 9112K, capacity 9740K, committed 9856K, reserved 1048576K
}
Event: 8.985 GC heap before
{Heap before GC invocations=23 (full 0):
 garbage-first heap   total 145408K, used 116167K [0x0000000080000000, 0x0000000100000000)
  region size 1024K, 39 young (39936K), 3 survivors (3072K)
 Metaspace       used 73725K, capacity 75677K, committed 75904K, reserved 1114112K
  class space    used 9601K, capacity 10256K, committed 10368K, reserved 1048576K
}
Event: 8.989 GC heap after
{Heap after GC invocations=24 (full 0):
 garbage-first heap   total 145408K, used 80370K [0x0000000080000000, 0x0000000100000000)
  region size 1024K, 4 young (4096K), 4 survivors (4096K)
 Metaspace       used 73725K, capacity 75677K, committed 75904K, reserved 1114112K
  class space    used 9601K, capacity 10256K, committed 10368K, reserved 1048576K
}
Event: 9.425 GC heap before
{Heap before GC invocations=24 (full 0):
 garbage-first heap   total 145408K, used 117234K [0x0000000080000000, 0x0000000100000000)
  region size 1024K, 40 young (40960K), 4 survivors (4096K)
 Metaspace       used 75068K, capacity 76982K, committed 77056K, reserved 1116160K
  class space    used 9769K, capacity 10452K, committed 10496K, reserved 1048576K
}
Event: 9.432 GC heap after
{Heap after GC invocations=25 (full 0):
 garbage-first heap   total 145408K, used 83251K [0x0000000080000000, 0x0000000100000000)
  region size 1024K, 5 young (5120K), 5 survivors (5120K)
 Metaspace       used 75068K, capacity 76982K, committed 77056K, reserved 1116160K
  class space    used 9769K, capacity 10452K, committed 10496K, reserved 1048576K
}
Event: 9.596 GC heap before
{Heap before GC invocations=26 (full 0):
 garbage-first heap   total 145408K, used 98611K [0x0000000080000000, 0x0000000100000000)
  region size 1024K, 21 young (21504K), 5 survivors (5120K)
 Metaspace       used 76307K, capacity 78368K, committed 78464K, reserved 1118208K
  class space    used 9909K, capacity 10593K, committed 10624K, reserved 1048576K
}
Event: 9.602 GC heap after
{Heap after GC invocations=27 (full 0):
 garbage-first heap   total 175104K, used 85201K [0x0000000080000000, 0x0000000100000000)
  region size 1024K, 3 young (3072K), 3 survivors (3072K)
 Metaspace       used 76307K, capacity 78368K, committed 78464K, reserved 1118208K
  class space    used 9909K, capacity 10593K, committed 10624K, reserved 1048576K
}
Event: 10.600 GC heap before
{Heap before GC invocations=28 (full 0):
 garbage-first heap   total 175104K, used 137425K [0x0000000080000000, 0x0000000100000000)
  region size 1024K, 53 young (54272K), 3 survivors (3072K)
 Metaspace       used 83504K, capacity 85599K, committed 85760K, reserved 1124352K
  class space    used 10767K, capacity 11475K, committed 11520K, reserved 1048576K
}
Event: 10.606 GC heap after
{Heap after GC invocations=29 (full 0):
 garbage-first heap   total 175104K, used 86922K [0x0000000080000000, 0x0000000100000000)
  region size 1024K, 4 young (4096K), 4 survivors (4096K)
 Metaspace       used 83504K, capacity 85599K, committed 85760K, reserved 1124352K
  class space    used 10767K, capacity 11475K, committed 11520K, reserved 1048576K
}
Event: 11.174 GC heap before
{Heap before GC invocations=29 (full 0):
 garbage-first heap   total 175104K, used 129930K [0x0000000080000000, 0x0000000100000000)
  region size 1024K, 47 young (48128K), 4 survivors (4096K)
 Metaspace       used 86556K, capacity 89298K, committed 89344K, reserved 1126400K
  class space    used 11305K, capacity 12282K, committed 12288K, reserved 1048576K
}
Event: 11.182 GC heap after
{Heap after GC invocations=30 (full 0):
 garbage-first heap   total 175104K, used 90038K [0x0000000080000000, 0x0000000100000000)
  region size 1024K, 6 young (6144K), 6 survivors (6144K)
 Metaspace       used 86556K, capacity 89298K, committed 89344K, reserved 1126400K
  class space    used 11305K, capacity 12282K, committed 12288K, reserved 1048576K
}
Event: 12.664 GC heap before
{Heap before GC invocations=31 (full 0):
 garbage-first heap   total 175104K, used 139190K [0x0000000080000000, 0x0000000100000000)
  region size 1024K, 54 young (55296K), 6 survivors (6144K)
 Metaspace       used 87468K, capacity 90161K, committed 90496K, reserved 1128448K
  class space    used 11373K, capacity 12324K, committed 12416K, reserved 1048576K
}
Event: 12.681 GC heap after
{Heap after GC invocations=32 (full 0):
 garbage-first heap   total 175104K, used 93207K [0x0000000080000000, 0x0000000100000000)
  region size 1024K, 7 young (7168K), 7 survivors (7168K)
 Metaspace       used 87468K, capacity 90161K, committed 90496K, reserved 1128448K
  class space    used 11373K, capacity 12324K, committed 12416K, reserved 1048576K
}

